06-28 10:51:04 com_github_MitjaNemec_PlaceFootprints.action_place_footprints 378:Plugin executed on: 'win32'
06-28 10:51:04 com_github_MitjaNemec_PlaceFootprints.action_place_footprints 379:Plugin executed with python version: '3.9.10 (main, Jun 24 2022, 10:21:30) [MSC v.1932 64 bit (AMD64)]'
06-28 10:51:04 com_github_MitjaNemec_PlaceFootprints.action_place_footprints 380:KiCad build version: (6.99.0-2238-g4be4c5f4a1)
06-28 10:51:04 com_github_MitjaNemec_PlaceFootprints.action_place_footprints 381:Plugin version: 1.2.5
06-28 10:51:04 com_github_MitjaNemec_PlaceFootprints.action_place_footprints 382:Frame repr: <wx._core.Frame object at 0x000001B3A4032310>
06-28 10:51:04 com_github_MitjaNemec_PlaceFootprints.place_footprints 121:getting a list of all footprints on board
06-28 10:51:04 com_github_MitjaNemec_PlaceFootprints.place_footprints 148:Footprint SW1 on root level
06-28 10:51:04 com_github_MitjaNemec_PlaceFootprints.place_footprints 148:Footprint C14 on root level
06-28 10:51:04 com_github_MitjaNemec_PlaceFootprints.place_footprints 148:Footprint C105 on root level
06-28 10:51:04 com_github_MitjaNemec_PlaceFootprints.place_footprints 148:Footprint Q1 on root level
06-28 10:51:04 com_github_MitjaNemec_PlaceFootprints.place_footprints 148:Footprint C5 on root level
06-28 10:51:04 com_github_MitjaNemec_PlaceFootprints.place_footprints 148:Footprint C63 on root level
06-28 10:51:04 com_github_MitjaNemec_PlaceFootprints.place_footprints 148:Footprint VT4 on root level
06-28 10:51:04 com_github_MitjaNemec_PlaceFootprints.place_footprints 148:Footprint C2 on root level
06-28 10:51:04 com_github_MitjaNemec_PlaceFootprints.place_footprints 148:Footprint C104 on root level
06-28 10:51:04 com_github_MitjaNemec_PlaceFootprints.place_footprints 148:Footprint R19 on root level
06-28 10:51:04 com_github_MitjaNemec_PlaceFootprints.place_footprints 148:Footprint Q4 on root level
06-28 10:51:04 com_github_MitjaNemec_PlaceFootprints.place_footprints 148:Footprint C28 on root level
06-28 10:51:04 com_github_MitjaNemec_PlaceFootprints.place_footprints 148:Footprint Q24 on root level
06-28 10:51:04 com_github_MitjaNemec_PlaceFootprints.place_footprints 148:Footprint R14 on root level
06-28 10:51:04 com_github_MitjaNemec_PlaceFootprints.place_footprints 148:Footprint Q18 on root level
06-28 10:51:04 com_github_MitjaNemec_PlaceFootprints.place_footprints 148:Footprint C82 on root level
06-28 10:51:04 com_github_MitjaNemec_PlaceFootprints.place_footprints 148:Footprint Q29 on root level
06-28 10:51:04 com_github_MitjaNemec_PlaceFootprints.place_footprints 148:Footprint C66 on root level
06-28 10:51:04 com_github_MitjaNemec_PlaceFootprints.place_footprints 148:Footprint C41 on root level
06-28 10:51:04 com_github_MitjaNemec_PlaceFootprints.place_footprints 148:Footprint C36 on root level
06-28 10:51:04 com_github_MitjaNemec_PlaceFootprints.place_footprints 148:Footprint C51 on root level
06-28 10:51:04 com_github_MitjaNemec_PlaceFootprints.place_footprints 148:Footprint C99 on root level
06-28 10:51:04 com_github_MitjaNemec_PlaceFootprints.place_footprints 148:Footprint C17 on root level
06-28 10:51:04 com_github_MitjaNemec_PlaceFootprints.place_footprints 148:Footprint C23 on root level
06-28 10:51:04 com_github_MitjaNemec_PlaceFootprints.place_footprints 148:Footprint DD1 on root level
06-28 10:51:04 com_github_MitjaNemec_PlaceFootprints.place_footprints 148:Footprint R20 on root level
06-28 10:51:04 com_github_MitjaNemec_PlaceFootprints.place_footprints 148:Footprint DA3 on root level
06-28 10:51:04 com_github_MitjaNemec_PlaceFootprints.place_footprints 148:Footprint C21 on root level
06-28 10:51:04 com_github_MitjaNemec_PlaceFootprints.place_footprints 148:Footprint XL6 on root level
06-28 10:51:04 com_github_MitjaNemec_PlaceFootprints.place_footprints 148:Footprint ANT1 on root level
06-28 10:51:04 com_github_MitjaNemec_PlaceFootprints.place_footprints 148:Footprint C103 on root level
06-28 10:51:04 com_github_MitjaNemec_PlaceFootprints.place_footprints 148:Footprint C50 on root level
06-28 10:51:04 com_github_MitjaNemec_PlaceFootprints.place_footprints 148:Footprint C11 on root level
06-28 10:51:04 com_github_MitjaNemec_PlaceFootprints.place_footprints 148:Footprint C84 on root level
06-28 10:51:04 com_github_MitjaNemec_PlaceFootprints.place_footprints 148:Footprint XL4 on root level
06-28 10:51:04 com_github_MitjaNemec_PlaceFootprints.place_footprints 148:Footprint XL3 on root level
06-28 10:51:04 com_github_MitjaNemec_PlaceFootprints.place_footprints 148:Footprint D2 on root level
06-28 10:51:04 com_github_MitjaNemec_PlaceFootprints.place_footprints 148:Footprint C75 on root level
06-28 10:51:04 com_github_MitjaNemec_PlaceFootprints.place_footprints 148:Footprint R13 on root level
06-28 10:51:04 com_github_MitjaNemec_PlaceFootprints.place_footprints 148:Footprint R2 on root level
06-28 10:51:04 com_github_MitjaNemec_PlaceFootprints.place_footprints 148:Footprint C39 on root level
06-28 10:51:04 com_github_MitjaNemec_PlaceFootprints.place_footprints 148:Footprint C101 on root level
06-28 10:51:04 com_github_MitjaNemec_PlaceFootprints.place_footprints 148:Footprint Q14 on root level
06-28 10:51:04 com_github_MitjaNemec_PlaceFootprints.place_footprints 148:Footprint C31 on root level
06-28 10:51:04 com_github_MitjaNemec_PlaceFootprints.place_footprints 148:Footprint C89 on root level
06-28 10:51:04 com_github_MitjaNemec_PlaceFootprints.place_footprints 148:Footprint C59 on root level
06-28 10:51:04 com_github_MitjaNemec_PlaceFootprints.place_footprints 148:Footprint C96 on root level
06-28 10:51:04 com_github_MitjaNemec_PlaceFootprints.place_footprints 148:Footprint XTAL1 on root level
06-28 10:51:04 com_github_MitjaNemec_PlaceFootprints.place_footprints 148:Footprint VT1 on root level
06-28 10:51:04 com_github_MitjaNemec_PlaceFootprints.place_footprints 148:Footprint R17 on root level
06-28 10:51:04 com_github_MitjaNemec_PlaceFootprints.place_footprints 148:Footprint C6 on root level
06-28 10:51:04 com_github_MitjaNemec_PlaceFootprints.place_footprints 148:Footprint Q22 on root level
06-28 10:51:04 com_github_MitjaNemec_PlaceFootprints.place_footprints 148:Footprint Q25 on root level
06-28 10:51:04 com_github_MitjaNemec_PlaceFootprints.place_footprints 148:Footprint C26 on root level
06-28 10:51:04 com_github_MitjaNemec_PlaceFootprints.place_footprints 148:Footprint C58 on root level
06-28 10:51:04 com_github_MitjaNemec_PlaceFootprints.place_footprints 148:Footprint C98 on root level
06-28 10:51:04 com_github_MitjaNemec_PlaceFootprints.place_footprints 148:Footprint R10 on root level
06-28 10:51:04 com_github_MitjaNemec_PlaceFootprints.place_footprints 148:Footprint C54 on root level
06-28 10:51:04 com_github_MitjaNemec_PlaceFootprints.place_footprints 148:Footprint C72 on root level
06-28 10:51:04 com_github_MitjaNemec_PlaceFootprints.place_footprints 148:Footprint Q16 on root level
06-28 10:51:04 com_github_MitjaNemec_PlaceFootprints.place_footprints 148:Footprint TP1 on root level
06-28 10:51:04 com_github_MitjaNemec_PlaceFootprints.place_footprints 148:Footprint DA1 on root level
06-28 10:51:04 com_github_MitjaNemec_PlaceFootprints.place_footprints 148:Footprint C91 on root level
06-28 10:51:04 com_github_MitjaNemec_PlaceFootprints.place_footprints 148:Footprint C16 on root level
06-28 10:51:04 com_github_MitjaNemec_PlaceFootprints.place_footprints 148:Footprint C102 on root level
06-28 10:51:04 com_github_MitjaNemec_PlaceFootprints.place_footprints 148:Footprint TP2 on root level
06-28 10:51:04 com_github_MitjaNemec_PlaceFootprints.place_footprints 148:Footprint Q12 on root level
06-28 10:51:04 com_github_MitjaNemec_PlaceFootprints.place_footprints 148:Footprint DD3 on root level
06-28 10:51:04 com_github_MitjaNemec_PlaceFootprints.place_footprints 148:Footprint C25 on root level
06-28 10:51:04 com_github_MitjaNemec_PlaceFootprints.place_footprints 148:Footprint VT7 on root level
06-28 10:51:04 com_github_MitjaNemec_PlaceFootprints.place_footprints 148:Footprint Q8 on root level
06-28 10:51:04 com_github_MitjaNemec_PlaceFootprints.place_footprints 148:Footprint C40 on root level
06-28 10:51:04 com_github_MitjaNemec_PlaceFootprints.place_footprints 148:Footprint Q32 on root level
06-28 10:51:04 com_github_MitjaNemec_PlaceFootprints.place_footprints 148:Footprint C8 on root level
06-28 10:51:04 com_github_MitjaNemec_PlaceFootprints.place_footprints 148:Footprint D3 on root level
06-28 10:51:04 com_github_MitjaNemec_PlaceFootprints.place_footprints 148:Footprint C92 on root level
06-28 10:51:04 com_github_MitjaNemec_PlaceFootprints.place_footprints 148:Footprint C27 on root level
06-28 10:51:04 com_github_MitjaNemec_PlaceFootprints.place_footprints 148:Footprint C64 on root level
06-28 10:51:04 com_github_MitjaNemec_PlaceFootprints.place_footprints 148:Footprint XTAL2 on root level
06-28 10:51:04 com_github_MitjaNemec_PlaceFootprints.place_footprints 148:Footprint C43 on root level
06-28 10:51:04 com_github_MitjaNemec_PlaceFootprints.place_footprints 148:Footprint C69 on root level
06-28 10:51:04 com_github_MitjaNemec_PlaceFootprints.place_footprints 148:Footprint C80 on root level
06-28 10:51:04 com_github_MitjaNemec_PlaceFootprints.place_footprints 148:Footprint C87 on root level
06-28 10:51:04 com_github_MitjaNemec_PlaceFootprints.place_footprints 148:Footprint C73 on root level
06-28 10:51:04 com_github_MitjaNemec_PlaceFootprints.place_footprints 148:Footprint C33 on root level
06-28 10:51:04 com_github_MitjaNemec_PlaceFootprints.place_footprints 148:Footprint C56 on root level
06-28 10:51:04 com_github_MitjaNemec_PlaceFootprints.place_footprints 148:Footprint C42 on root level
06-28 10:51:04 com_github_MitjaNemec_PlaceFootprints.place_footprints 148:Footprint R11 on root level
06-28 10:51:04 com_github_MitjaNemec_PlaceFootprints.place_footprints 148:Footprint R12 on root level
06-28 10:51:04 com_github_MitjaNemec_PlaceFootprints.place_footprints 148:Footprint C107 on root level
06-28 10:51:04 com_github_MitjaNemec_PlaceFootprints.place_footprints 148:Footprint XL7 on root level
06-28 10:51:04 com_github_MitjaNemec_PlaceFootprints.place_footprints 148:Footprint C3 on root level
06-28 10:51:04 com_github_MitjaNemec_PlaceFootprints.place_footprints 148:Footprint Q17 on root level
06-28 10:51:04 com_github_MitjaNemec_PlaceFootprints.place_footprints 148:Footprint C65 on root level
06-28 10:51:04 com_github_MitjaNemec_PlaceFootprints.place_footprints 148:Footprint Q31 on root level
06-28 10:51:04 com_github_MitjaNemec_PlaceFootprints.place_footprints 148:Footprint Q23 on root level
06-28 10:51:04 com_github_MitjaNemec_PlaceFootprints.place_footprints 148:Footprint C71 on root level
06-28 10:51:04 com_github_MitjaNemec_PlaceFootprints.place_footprints 148:Footprint Q20 on root level
06-28 10:51:04 com_github_MitjaNemec_PlaceFootprints.place_footprints 148:Footprint C9 on root level
06-28 10:51:04 com_github_MitjaNemec_PlaceFootprints.place_footprints 148:Footprint Q13 on root level
06-28 10:51:04 com_github_MitjaNemec_PlaceFootprints.place_footprints 148:Footprint C22 on root level
06-28 10:51:04 com_github_MitjaNemec_PlaceFootprints.place_footprints 148:Footprint Q33 on root level
06-28 10:51:04 com_github_MitjaNemec_PlaceFootprints.place_footprints 148:Footprint C76 on root level
06-28 10:51:04 com_github_MitjaNemec_PlaceFootprints.place_footprints 148:Footprint Q9 on root level
06-28 10:51:04 com_github_MitjaNemec_PlaceFootprints.place_footprints 148:Footprint R18 on root level
06-28 10:51:04 com_github_MitjaNemec_PlaceFootprints.place_footprints 148:Footprint C85 on root level
06-28 10:51:04 com_github_MitjaNemec_PlaceFootprints.place_footprints 148:Footprint R6 on root level
06-28 10:51:04 com_github_MitjaNemec_PlaceFootprints.place_footprints 148:Footprint C53 on root level
06-28 10:51:04 com_github_MitjaNemec_PlaceFootprints.place_footprints 148:Footprint C1 on root level
06-28 10:51:04 com_github_MitjaNemec_PlaceFootprints.place_footprints 148:Footprint C45 on root level
06-28 10:51:04 com_github_MitjaNemec_PlaceFootprints.place_footprints 148:Footprint R4 on root level
06-28 10:51:04 com_github_MitjaNemec_PlaceFootprints.place_footprints 148:Footprint C46 on root level
06-28 10:51:04 com_github_MitjaNemec_PlaceFootprints.place_footprints 148:Footprint XL2 on root level
06-28 10:51:04 com_github_MitjaNemec_PlaceFootprints.place_footprints 148:Footprint C30 on root level
06-28 10:51:04 com_github_MitjaNemec_PlaceFootprints.place_footprints 148:Footprint L2 on root level
06-28 10:51:04 com_github_MitjaNemec_PlaceFootprints.place_footprints 148:Footprint C57 on root level
06-28 10:51:04 com_github_MitjaNemec_PlaceFootprints.place_footprints 148:Footprint C77 on root level
06-28 10:51:04 com_github_MitjaNemec_PlaceFootprints.place_footprints 148:Footprint Q21 on root level
06-28 10:51:04 com_github_MitjaNemec_PlaceFootprints.place_footprints 148:Footprint R15 on root level
06-28 10:51:04 com_github_MitjaNemec_PlaceFootprints.place_footprints 148:Footprint VT5 on root level
06-28 10:51:04 com_github_MitjaNemec_PlaceFootprints.place_footprints 148:Footprint VT3 on root level
06-28 10:51:04 com_github_MitjaNemec_PlaceFootprints.place_footprints 148:Footprint C13 on root level
06-28 10:51:04 com_github_MitjaNemec_PlaceFootprints.place_footprints 148:Footprint Q30 on root level
06-28 10:51:04 com_github_MitjaNemec_PlaceFootprints.place_footprints 148:Footprint C44 on root level
06-28 10:51:04 com_github_MitjaNemec_PlaceFootprints.place_footprints 148:Footprint C38 on root level
06-28 10:51:04 com_github_MitjaNemec_PlaceFootprints.place_footprints 148:Footprint C7 on root level
06-28 10:51:04 com_github_MitjaNemec_PlaceFootprints.place_footprints 148:Footprint C88 on root level
06-28 10:51:04 com_github_MitjaNemec_PlaceFootprints.place_footprints 148:Footprint XL5 on root level
06-28 10:51:04 com_github_MitjaNemec_PlaceFootprints.place_footprints 148:Footprint Q19 on root level
06-28 10:51:04 com_github_MitjaNemec_PlaceFootprints.place_footprints 148:Footprint Q35 on root level
06-28 10:51:04 com_github_MitjaNemec_PlaceFootprints.place_footprints 148:Footprint Q6 on root level
06-28 10:51:04 com_github_MitjaNemec_PlaceFootprints.place_footprints 148:Footprint Q11 on root level
06-28 10:51:04 com_github_MitjaNemec_PlaceFootprints.place_footprints 148:Footprint C67 on root level
06-28 10:51:04 com_github_MitjaNemec_PlaceFootprints.place_footprints 148:Footprint C52 on root level
06-28 10:51:04 com_github_MitjaNemec_PlaceFootprints.place_footprints 148:Footprint C19 on root level
06-28 10:51:04 com_github_MitjaNemec_PlaceFootprints.place_footprints 148:Footprint C106 on root level
06-28 10:51:04 com_github_MitjaNemec_PlaceFootprints.place_footprints 148:Footprint DA2 on root level
06-28 10:51:04 com_github_MitjaNemec_PlaceFootprints.place_footprints 148:Footprint C74 on root level
06-28 10:51:04 com_github_MitjaNemec_PlaceFootprints.place_footprints 148:Footprint R7 on root level
06-28 10:51:04 com_github_MitjaNemec_PlaceFootprints.place_footprints 148:Footprint C37 on root level
06-28 10:51:04 com_github_MitjaNemec_PlaceFootprints.place_footprints 148:Footprint C10 on root level
06-28 10:51:04 com_github_MitjaNemec_PlaceFootprints.place_footprints 148:Footprint Q15 on root level
06-28 10:51:04 com_github_MitjaNemec_PlaceFootprints.place_footprints 148:Footprint C4 on root level
06-28 10:51:04 com_github_MitjaNemec_PlaceFootprints.place_footprints 148:Footprint L1 on root level
06-28 10:51:04 com_github_MitjaNemec_PlaceFootprints.place_footprints 148:Footprint C79 on root level
06-28 10:51:04 com_github_MitjaNemec_PlaceFootprints.place_footprints 148:Footprint C15 on root level
06-28 10:51:04 com_github_MitjaNemec_PlaceFootprints.place_footprints 148:Footprint C62 on root level
06-28 10:51:04 com_github_MitjaNemec_PlaceFootprints.place_footprints 148:Footprint C70 on root level
06-28 10:51:04 com_github_MitjaNemec_PlaceFootprints.place_footprints 148:Footprint R3 on root level
06-28 10:51:04 com_github_MitjaNemec_PlaceFootprints.place_footprints 148:Footprint R1 on root level
06-28 10:51:04 com_github_MitjaNemec_PlaceFootprints.place_footprints 148:Footprint C97 on root level
06-28 10:51:04 com_github_MitjaNemec_PlaceFootprints.place_footprints 148:Footprint Q10 on root level
06-28 10:51:04 com_github_MitjaNemec_PlaceFootprints.place_footprints 148:Footprint C20 on root level
06-28 10:51:04 com_github_MitjaNemec_PlaceFootprints.place_footprints 148:Footprint C78 on root level
06-28 10:51:04 com_github_MitjaNemec_PlaceFootprints.place_footprints 148:Footprint Q7 on root level
06-28 10:51:04 com_github_MitjaNemec_PlaceFootprints.place_footprints 148:Footprint Q36 on root level
06-28 10:51:04 com_github_MitjaNemec_PlaceFootprints.place_footprints 148:Footprint C35 on root level
06-28 10:51:04 com_github_MitjaNemec_PlaceFootprints.place_footprints 148:Footprint C100 on root level
06-28 10:51:04 com_github_MitjaNemec_PlaceFootprints.place_footprints 148:Footprint C83 on root level
06-28 10:51:04 com_github_MitjaNemec_PlaceFootprints.place_footprints 148:Footprint VT2 on root level
06-28 10:51:04 com_github_MitjaNemec_PlaceFootprints.place_footprints 148:Footprint C61 on root level
06-28 10:51:04 com_github_MitjaNemec_PlaceFootprints.place_footprints 148:Footprint C60 on root level
06-28 10:51:04 com_github_MitjaNemec_PlaceFootprints.place_footprints 148:Footprint Q3 on root level
06-28 10:51:04 com_github_MitjaNemec_PlaceFootprints.place_footprints 148:Footprint C68 on root level
06-28 10:51:04 com_github_MitjaNemec_PlaceFootprints.place_footprints 148:Footprint Q34 on root level
06-28 10:51:04 com_github_MitjaNemec_PlaceFootprints.place_footprints 148:Footprint C12 on root level
06-28 10:51:04 com_github_MitjaNemec_PlaceFootprints.place_footprints 148:Footprint D1 on root level
06-28 10:51:04 com_github_MitjaNemec_PlaceFootprints.place_footprints 148:Footprint C90 on root level
06-28 10:51:04 com_github_MitjaNemec_PlaceFootprints.place_footprints 148:Footprint R8 on root level
06-28 10:51:04 com_github_MitjaNemec_PlaceFootprints.place_footprints 148:Footprint C86 on root level
06-28 10:51:04 com_github_MitjaNemec_PlaceFootprints.place_footprints 148:Footprint DD2 on root level
06-28 10:51:04 com_github_MitjaNemec_PlaceFootprints.place_footprints 148:Footprint R9 on root level
06-28 10:51:04 com_github_MitjaNemec_PlaceFootprints.place_footprints 148:Footprint C24 on root level
06-28 10:51:04 com_github_MitjaNemec_PlaceFootprints.place_footprints 148:Footprint Logo1 on root level
06-28 10:51:04 com_github_MitjaNemec_PlaceFootprints.place_footprints 148:Footprint R5 on root level
06-28 10:51:04 com_github_MitjaNemec_PlaceFootprints.place_footprints 148:Footprint C48 on root level
06-28 10:51:04 com_github_MitjaNemec_PlaceFootprints.place_footprints 148:Footprint C34 on root level
06-28 10:51:04 com_github_MitjaNemec_PlaceFootprints.place_footprints 148:Footprint C49 on root level
06-28 10:51:04 com_github_MitjaNemec_PlaceFootprints.place_footprints 148:Footprint C94 on root level
06-28 10:51:04 com_github_MitjaNemec_PlaceFootprints.place_footprints 148:Footprint C81 on root level
06-28 10:51:04 com_github_MitjaNemec_PlaceFootprints.place_footprints 148:Footprint L3 on root level
06-28 10:51:04 com_github_MitjaNemec_PlaceFootprints.place_footprints 148:Footprint C18 on root level
06-28 10:51:04 com_github_MitjaNemec_PlaceFootprints.place_footprints 148:Footprint XL1 on root level
06-28 10:51:04 com_github_MitjaNemec_PlaceFootprints.place_footprints 148:Footprint C47 on root level
06-28 10:51:04 com_github_MitjaNemec_PlaceFootprints.place_footprints 148:Footprint Q28 on root level
06-28 10:51:04 com_github_MitjaNemec_PlaceFootprints.place_footprints 148:Footprint R16 on root level
06-28 10:51:04 com_github_MitjaNemec_PlaceFootprints.place_footprints 148:Footprint VT6 on root level
06-28 10:51:04 com_github_MitjaNemec_PlaceFootprints.place_footprints 148:Footprint Q5 on root level
06-28 10:51:04 com_github_MitjaNemec_PlaceFootprints.place_footprints 148:Footprint C55 on root level
06-28 10:51:04 com_github_MitjaNemec_PlaceFootprints.place_footprints 148:Footprint C32 on root level
06-28 10:51:04 com_github_MitjaNemec_PlaceFootprints.place_footprints 148:Footprint C29 on root level
06-28 10:51:04 com_github_MitjaNemec_PlaceFootprints.place_footprints 148:Footprint Q2 on root level
06-28 10:51:04 com_github_MitjaNemec_PlaceFootprints.place_footprints 148:Footprint C93 on root level
06-28 10:51:04 com_github_MitjaNemec_PlaceFootprints.place_footprints 148:Footprint BLN1 on root level
06-28 10:51:04 com_github_MitjaNemec_PlaceFootprints.place_footprints 148:Footprint Q27 on root level
06-28 10:51:04 com_github_MitjaNemec_PlaceFootprints.place_footprints 148:Footprint C95 on root level
06-28 10:51:04 com_github_MitjaNemec_PlaceFootprints.place_footprints 148:Footprint Q26 on root level
06-28 10:51:04 com_github_MitjaNemec_PlaceFootprints.place_footprints 148:Footprint Q43 on root level
06-28 10:51:04 com_github_MitjaNemec_PlaceFootprints.place_footprints 148:Footprint Q74 on root level
06-28 10:51:04 com_github_MitjaNemec_PlaceFootprints.place_footprints 148:Footprint Q55 on root level
06-28 10:51:04 com_github_MitjaNemec_PlaceFootprints.place_footprints 148:Footprint Q37 on root level
06-28 10:51:04 com_github_MitjaNemec_PlaceFootprints.place_footprints 148:Footprint Q42 on root level
06-28 10:51:04 com_github_MitjaNemec_PlaceFootprints.place_footprints 148:Footprint Q50 on root level
06-28 10:51:04 com_github_MitjaNemec_PlaceFootprints.place_footprints 148:Footprint Q38 on root level
06-28 10:51:04 com_github_MitjaNemec_PlaceFootprints.place_footprints 148:Footprint Q41 on root level
06-28 10:51:04 com_github_MitjaNemec_PlaceFootprints.place_footprints 148:Footprint Q63 on root level
06-28 10:51:04 com_github_MitjaNemec_PlaceFootprints.place_footprints 148:Footprint Q58 on root level
06-28 10:51:04 com_github_MitjaNemec_PlaceFootprints.place_footprints 148:Footprint Q40 on root level
06-28 10:51:04 com_github_MitjaNemec_PlaceFootprints.place_footprints 148:Footprint Q39 on root level
06-28 10:51:04 com_github_MitjaNemec_PlaceFootprints.place_footprints 148:Footprint Q46 on root level
06-28 10:51:04 com_github_MitjaNemec_PlaceFootprints.place_footprints 148:Footprint Q44 on root level
06-28 10:51:04 com_github_MitjaNemec_PlaceFootprints.place_footprints 148:Footprint Q73 on root level
06-28 10:51:04 com_github_MitjaNemec_PlaceFootprints.place_footprints 148:Footprint Q60 on root level
06-28 10:51:04 com_github_MitjaNemec_PlaceFootprints.place_footprints 148:Footprint Q64 on root level
06-28 10:51:04 com_github_MitjaNemec_PlaceFootprints.place_footprints 148:Footprint Q66 on root level
06-28 10:51:04 com_github_MitjaNemec_PlaceFootprints.place_footprints 148:Footprint Q52 on root level
06-28 10:51:04 com_github_MitjaNemec_PlaceFootprints.place_footprints 148:Footprint Q70 on root level
06-28 10:51:04 com_github_MitjaNemec_PlaceFootprints.place_footprints 148:Footprint Q56 on root level
06-28 10:51:04 com_github_MitjaNemec_PlaceFootprints.place_footprints 148:Footprint Q68 on root level
06-28 10:51:04 com_github_MitjaNemec_PlaceFootprints.place_footprints 148:Footprint Q47 on root level
06-28 10:51:04 com_github_MitjaNemec_PlaceFootprints.place_footprints 148:Footprint Q67 on root level
06-28 10:51:04 com_github_MitjaNemec_PlaceFootprints.place_footprints 148:Footprint Q45 on root level
06-28 10:51:04 com_github_MitjaNemec_PlaceFootprints.place_footprints 148:Footprint Q53 on root level
06-28 10:51:04 com_github_MitjaNemec_PlaceFootprints.place_footprints 148:Footprint Q61 on root level
06-28 10:51:04 com_github_MitjaNemec_PlaceFootprints.place_footprints 148:Footprint Q49 on root level
06-28 10:51:04 com_github_MitjaNemec_PlaceFootprints.place_footprints 148:Footprint Q59 on root level
06-28 10:51:04 com_github_MitjaNemec_PlaceFootprints.place_footprints 148:Footprint Q54 on root level
06-28 10:51:04 com_github_MitjaNemec_PlaceFootprints.place_footprints 148:Footprint Q48 on root level
06-28 10:51:04 com_github_MitjaNemec_PlaceFootprints.place_footprints 148:Footprint Q51 on root level
06-28 10:51:04 com_github_MitjaNemec_PlaceFootprints.place_footprints 148:Footprint Q72 on root level
06-28 10:51:04 com_github_MitjaNemec_PlaceFootprints.place_footprints 148:Footprint Q62 on root level
06-28 10:51:04 com_github_MitjaNemec_PlaceFootprints.place_footprints 148:Footprint Q57 on root level
06-28 10:51:04 com_github_MitjaNemec_PlaceFootprints.place_footprints 148:Footprint Q65 on root level
06-28 10:51:04 com_github_MitjaNemec_PlaceFootprints.place_footprints 148:Footprint Q71 on root level
06-28 10:51:04 com_github_MitjaNemec_PlaceFootprints.place_footprints 148:Footprint Q69 on root level
06-28 10:51:08 com_github_MitjaNemec_PlaceFootprints.action_place_footprints 570:Reference designator is: Q
06-28 10:51:08 com_github_MitjaNemec_PlaceFootprints.action_place_footprints 571:Reference number is: 2
06-28 10:51:08 com_github_MitjaNemec_PlaceFootprints.action_place_footprints 603:Sorted and filtered list:
['Q1', 'Q2', 'Q3', 'Q4', 'Q5', 'Q6', 'Q7', 'Q8', 'Q9', 'Q10', 'Q11', 'Q12', 'Q13', 'Q14', 'Q15', 'Q16', 'Q17', 'Q18', 'Q19', 'Q20', 'Q21', 'Q22', 'Q23', 'Q24', 'Q25', 'Q26', 'Q27', 'Q28', 'Q29', 'Q30', 'Q31', 'Q32', 'Q33', 'Q34', 'Q35', 'Q36', 'Q37', 'Q38', 'Q39', 'Q40', 'Q41', 'Q42', 'Q43', 'Q44', 'Q45', 'Q46', 'Q47', 'Q48', 'Q49', 'Q50', 'Q51', 'Q52', 'Q53', 'Q54', 'Q55', 'Q56', 'Q57', 'Q58', 'Q59', 'Q60', 'Q61', 'Q62', 'Q63', 'Q64', 'Q65', 'Q66', 'Q67', 'Q68', 'Q69', 'Q70', 'Q71', 'Q72', 'Q73', 'Q74']
06-28 10:51:42 com_github_MitjaNemec_PlaceFootprints.action_place_footprints 641:Footprints to place:
['Q2', 'Q3', 'Q4', 'Q5', 'Q6', 'Q7', 'Q8', 'Q9', 'Q10', 'Q11', 'Q12', 'Q13', 'Q14', 'Q15', 'Q16', 'Q17', 'Q18', 'Q19', 'Q20', 'Q21', 'Q22', 'Q23', 'Q24', 'Q25', 'Q26', 'Q27', 'Q28', 'Q29', 'Q30', 'Q31', 'Q32', 'Q33', 'Q34', 'Q35', 'Q36', 'Q37', 'Q38']
06-28 10:51:42 com_github_MitjaNemec_PlaceFootprints.place_footprints 296:Starting placing with linear layout
06-28 10:51:42 com_github_MitjaNemec_PlaceFootprints.action_place_footprints 688:Fatal error when executing place footprints
Traceback (most recent call last):
  File "C:\Users\layst\Documents\KiCad\6.99\3rdparty\plugins\com_github_MitjaNemec_PlaceFootprints\action_place_footprints.py", line 683, in Run
    placer.place_linear(footprints_to_place, ref_fp_ref, step_x, step_y, step, rotation,
  File "C:\Users\layst\Documents\KiCad\6.99\3rdparty\plugins\com_github_MitjaNemec_PlaceFootprints\place_footprints.py", line 317, in place_linear
    fp.fp.SetPosition(pcbnew.wxPoint(*new_position))
  File "C:\Program Files\KiCad\6.99\bin\Lib\site-packages\pcbnew.py", line 18929, in SetPosition
    return _pcbnew.FOOTPRINT_SetPosition(self, aPos)
TypeError: in method 'FOOTPRINT_SetPosition', argument 2 of type 'VECTOR2I const &'
